app-feature-preview/build/intermediates/manifest_merge_blame_file/debug/manifest-merger-blame-debug-report.txt
1<?xml version="1.0" encoding="utf-8"?>
2<manifest xmlns:android="http://schemas.android.com/apk/res/android"
3    package="net.thunderbird.feature.preview"
4    android:versionCode="1"
5    android:versionName="1.0" >
6
7    <uses-sdk
8        android:minSdkVersion="21"
9        android:targetSdkVersion="31" />
10
11    <uses-permission android:name="android.permission.INTERNET" />
11-->src\main\AndroidManifest.xml:7:5-66
11-->src\main\AndroidManifest.xml:7:22-64
12
13    <queries>
13-->[net.openid:appauth:0.11.1] AndroidManifest.xml:24:5-32:15
14        <intent>
14-->[net.openid:appauth:0.11.1] AndroidManifest.xml:25:9-31:18
15            <action android:name="android.intent.action.VIEW" />
15-->[net.openid:appauth:0.11.1] AndroidManifest.xml:26:13-65
15-->[net.openid:appauth:0.11.1] AndroidManifest.xml:26:21-62
16
17            <category android:name="android.intent.category.BROWSABLE" />
17-->[net.openid:appauth:0.11.1] AndroidManifest.xml:28:13-74
17-->[net.openid:appauth:0.11.1] AndroidManifest.xml:28:23-71
18
19            <data android:scheme="https" />
19-->[net.openid:appauth:0.11.1] AndroidManifest.xml:30:13-44
19-->[net.openid:appauth:0.11.1] AndroidManifest.xml:30:19-41
20        </intent>
21    </queries>
22
23    <uses-permission android:name="android.permission.USE_BIOMETRIC" /> <!-- suppress DeprecatedClassUsageInspection -->
23-->[androidx.biometric:biometric:1.1.0] AndroidManifest.xml:24:5-72
23-->[androidx.biometric:biometric:1.1.0] AndroidManifest.xml:24:22-69
24    <uses-permission android:name="android.permission.USE_FINGERPRINT" />
24-->[androidx.biometric:biometric:1.1.0] AndroidManifest.xml:27:5-74
24-->[androidx.biometric:biometric:1.1.0] AndroidManifest.xml:27:22-71
25
26    <permission
26-->[androidx.core:core:1.12.0] AndroidManifest.xml:22:5-24:47
27        android:name="net.thunderbird.feature.preview.DYNAMIC_RECEIVER_NOT_EXPORTED_PERMISSION"
27-->[androidx.core:core:1.12.0] AndroidManifest.xml:23:9-81
28        android:protectionLevel="signature" />
28-->[androidx.core:core:1.12.0] AndroidManifest.xml:24:9-44
29
30    <uses-permission android:name="net.thunderbird.feature.preview.DYNAMIC_RECEIVER_NOT_EXPORTED_PERMISSION" />
30-->[androidx.core:core:1.12.0] AndroidManifest.xml:26:5-97
30-->[androidx.core:core:1.12.0] AndroidManifest.xml:26:22-94
31
32    <application
32-->src\main\AndroidManifest.xml:9:5-33:19
33        android:name="app.k9mail.feature.preview.FeatureApplication"
33-->src\main\AndroidManifest.xml:10:9-43
34        android:allowBackup="true"
34-->src\main\AndroidManifest.xml:11:9-35
35        android:appComponentFactory="androidx.core.app.CoreComponentFactory"
35-->[androidx.core:core:1.12.0] AndroidManifest.xml:28:18-86
36        android:debuggable="true"
37        android:extractNativeLibs="true"
38        android:icon="@mipmap/ic_launcher"
38-->src\main\AndroidManifest.xml:12:9-43
39        android:label="@string/app_name"
39-->src\main\AndroidManifest.xml:13:9-41
40        android:networkSecurityConfig="@xml/network_security_config"
40-->src\main\AndroidManifest.xml:15:9-69
41        android:supportsRtl="true"
41-->src\main\AndroidManifest.xml:16:9-35
42        android:theme="@style/Theme.Thunderbird.Splashscreen"
42-->src\main\AndroidManifest.xml:17:9-62
43        android:usesCleartextTraffic="true" >
43-->src\main\AndroidManifest.xml:14:9-44
44        <activity
44-->src\main\AndroidManifest.xml:21:9-31:20
45            android:name="app.k9mail.feature.preview.FeatureActivity"
45-->src\main\AndroidManifest.xml:22:13-44
46            android:exported="true"
46-->src\main\AndroidManifest.xml:23:13-36
47            android:windowSoftInputMode="adjustResize" >
47-->src\main\AndroidManifest.xml:24:13-55
48            <intent-filter>
48-->src\main\AndroidManifest.xml:26:13-30:29
49                <action android:name="android.intent.action.MAIN" />
49-->src\main\AndroidManifest.xml:27:17-69
49-->src\main\AndroidManifest.xml:27:25-66
50
51                <category android:name="android.intent.category.LAUNCHER" />
51-->src\main\AndroidManifest.xml:29:17-77
51-->src\main\AndroidManifest.xml:29:27-74
52            </intent-filter>
53        </activity>
54        <activity
54-->[net.openid:appauth:0.11.1] AndroidManifest.xml:35:9-40:77
55            android:name="net.openid.appauth.AuthorizationManagementActivity"
55-->[net.openid:appauth:0.11.1] AndroidManifest.xml:36:13-78
56            android:configChanges="screenSize|smallestScreenSize|screenLayout|orientation|keyboard|keyboardHidden"
56-->[net.openid:appauth:0.11.1] AndroidManifest.xml:37:13-115
57            android:exported="false"
57-->[net.openid:appauth:0.11.1] AndroidManifest.xml:38:13-37
58            android:launchMode="singleTask"
58-->[net.openid:appauth:0.11.1] AndroidManifest.xml:39:13-44
59            android:theme="@style/Theme.AppCompat.Translucent.NoTitleBar" />
59-->[net.openid:appauth:0.11.1] AndroidManifest.xml:40:13-74
60        <activity
60-->[net.openid:appauth:0.11.1] AndroidManifest.xml:41:9-52:20
61            android:name="net.openid.appauth.RedirectUriReceiverActivity"
61-->[net.openid:appauth:0.11.1] AndroidManifest.xml:42:13-74
62            android:exported="true" >
62-->[net.openid:appauth:0.11.1] AndroidManifest.xml:43:13-36
63            <intent-filter>
63-->[net.openid:appauth:0.11.1] AndroidManifest.xml:44:13-51:29
64                <action android:name="android.intent.action.VIEW" />
64-->[net.openid:appauth:0.11.1] AndroidManifest.xml:26:13-65
64-->[net.openid:appauth:0.11.1] AndroidManifest.xml:26:21-62
65
66                <category android:name="android.intent.category.DEFAULT" />
66-->[net.openid:appauth:0.11.1] AndroidManifest.xml:47:17-76
66-->[net.openid:appauth:0.11.1] AndroidManifest.xml:47:27-73
67                <category android:name="android.intent.category.BROWSABLE" />
67-->[net.openid:appauth:0.11.1] AndroidManifest.xml:28:13-74
67-->[net.openid:appauth:0.11.1] AndroidManifest.xml:28:23-71
68
69                <data android:scheme="com.fsck.k9.debug" />
69-->[net.openid:appauth:0.11.1] AndroidManifest.xml:30:13-44
69-->[net.openid:appauth:0.11.1] AndroidManifest.xml:30:19-41
70            </intent-filter>
71        </activity>
72        <activity
72-->[androidx.compose.ui:ui-test-manifest:1.5.1] AndroidManifest.xml:23:9-25:39
73            android:name="androidx.activity.ComponentActivity"
73-->[androidx.compose.ui:ui-test-manifest:1.5.1] AndroidManifest.xml:24:13-63
74            android:exported="true" />
74-->[androidx.compose.ui:ui-test-manifest:1.5.1] AndroidManifest.xml:25:13-36
75        <activity
75-->[androidx.compose.ui:ui-tooling-android:1.5.1] AndroidManifest.xml:23:9-25:39
76            android:name="androidx.compose.ui.tooling.PreviewActivity"
76-->[androidx.compose.ui:ui-tooling-android:1.5.1] AndroidManifest.xml:24:13-71
77            android:exported="true" />
77-->[androidx.compose.ui:ui-tooling-android:1.5.1] AndroidManifest.xml:25:13-36
78
79        <provider
79-->[androidx.emoji2:emoji2:1.4.0] AndroidManifest.xml:24:9-32:20
80            android:name="androidx.startup.InitializationProvider"
80-->[androidx.emoji2:emoji2:1.4.0] AndroidManifest.xml:25:13-67
81            android:authorities="net.thunderbird.feature.preview.androidx-startup"
81-->[androidx.emoji2:emoji2:1.4.0] AndroidManifest.xml:26:13-68
82            android:exported="false" >
82-->[androidx.emoji2:emoji2:1.4.0] AndroidManifest.xml:27:13-37
83            <meta-data
83-->[androidx.emoji2:emoji2:1.4.0] AndroidManifest.xml:29:13-31:52
84                android:name="androidx.emoji2.text.EmojiCompatInitializer"
84-->[androidx.emoji2:emoji2:1.4.0] AndroidManifest.xml:30:17-75
85                android:value="androidx.startup" />
85-->[androidx.emoji2:emoji2:1.4.0] AndroidManifest.xml:31:17-49
86            <meta-data
86-->[androidx.lifecycle:lifecycle-process:2.6.2] AndroidManifest.xml:29:13-31:52
87                android:name="androidx.lifecycle.ProcessLifecycleInitializer"
87-->[androidx.lifecycle:lifecycle-process:2.6.2] AndroidManifest.xml:30:17-78
88                android:value="androidx.startup" />
88-->[androidx.lifecycle:lifecycle-process:2.6.2] AndroidManifest.xml:31:17-49
89            <meta-data
89-->[androidx.profileinstaller:profileinstaller:1.3.0] AndroidManifest.xml:29:13-31:52
90                android:name="androidx.profileinstaller.ProfileInstallerInitializer"
90-->[androidx.profileinstaller:profileinstaller:1.3.0] AndroidManifest.xml:30:17-85
91                android:value="androidx.startup" />
91-->[androidx.profileinstaller:profileinstaller:1.3.0] AndroidManifest.xml:31:17-49
92        </provider>
93
94        <receiver
94-->[androidx.profileinstaller:profileinstaller:1.3.0] AndroidManifest.xml:34:9-52:20
95            android:name="androidx.profileinstaller.ProfileInstallReceiver"
95-->[androidx.profileinstaller:profileinstaller:1.3.0] AndroidManifest.xml:35:13-76
96            android:directBootAware="false"
96-->[androidx.profileinstaller:profileinstaller:1.3.0] AndroidManifest.xml:36:13-44
97            android:enabled="true"
97-->[androidx.profileinstaller:profileinstaller:1.3.0] AndroidManifest.xml:37:13-35
98            android:exported="true"
98-->[androidx.profileinstaller:profileinstaller:1.3.0] AndroidManifest.xml:38:13-36
99            android:permission="android.permission.DUMP" >
99-->[androidx.profileinstaller:profileinstaller:1.3.0] AndroidManifest.xml:39:13-57
100            <intent-filter>
100-->[androidx.profileinstaller:profileinstaller:1.3.0] AndroidManifest.xml:40:13-42:29
101                <action android:name="androidx.profileinstaller.action.INSTALL_PROFILE" />
101-->[androidx.profileinstaller:profileinstaller:1.3.0] AndroidManifest.xml:41:17-91
101-->[androidx.profileinstaller:profileinstaller:1.3.0] AndroidManifest.xml:41:25-88
102            </intent-filter>
103            <intent-filter>
103-->[androidx.profileinstaller:profileinstaller:1.3.0] AndroidManifest.xml:43:13-45:29
104                <action android:name="androidx.profileinstaller.action.SKIP_FILE" />
104-->[androidx.profileinstaller:profileinstaller:1.3.0] AndroidManifest.xml:44:17-85
104-->[androidx.profileinstaller:profileinstaller:1.3.0] AndroidManifest.xml:44:25-82
105            </intent-filter>
106            <intent-filter>
106-->[androidx.profileinstaller:profileinstaller:1.3.0] AndroidManifest.xml:46:13-48:29
107                <action android:name="androidx.profileinstaller.action.SAVE_PROFILE" />
107-->[androidx.profileinstaller:profileinstaller:1.3.0] AndroidManifest.xml:47:17-88
107-->[androidx.profileinstaller:profileinstaller:1.3.0] AndroidManifest.xml:47:25-85
108            </intent-filter>
109            <intent-filter>
109-->[androidx.profileinstaller:profileinstaller:1.3.0] AndroidManifest.xml:49:13-51:29
110                <action android:name="androidx.profileinstaller.action.BENCHMARK_OPERATION" />
110-->[androidx.profileinstaller:profileinstaller:1.3.0] AndroidManifest.xml:50:17-95
110-->[androidx.profileinstaller:profileinstaller:1.3.0] AndroidManifest.xml:50:25-92
111            </intent-filter>
112        </receiver>
113    </application>
114
115</manifest>